2026-03-07 13:30:54 [info]: MongoDB connected successfully
2026-03-07 13:30:54 [info]: Server running on port 5000
2026-03-07 13:32:30 [info]: MongoDB connected successfully
2026-03-07 13:37:07 [info]: MongoDB connected successfully
2026-03-07 13:37:07 [info]: MongoDB connected successfully
2026-03-07 13:37:07 [info]: Server running on port 5000
2026-03-07 13:37:20 [info]: MongoDB connected successfully
2026-03-07 13:37:20 [info]: Server running on port 5000
2026-03-07 13:37:21 [info]: MongoDB connected successfully
2026-03-07 13:38:42 [info]: MongoDB connected successfully
2026-03-07 13:38:42 [info]: Server running on port 5000
2026-03-07 13:38:42 [info]: MongoDB connected successfully
2026-03-07 13:45:46 [info]: MongoDB connected successfully
2026-03-07 13:45:46 [info]: Server running on port 5000
2026-03-07 17:01:48 [debug]: Socket connected: HW8zg2qZeTynYvquAAAB
2026-03-07 17:01:48 [debug]: User 69ac0c9f68a2168426ff935b registered with socket HW8zg2qZeTynYvquAAAB
2026-03-07 17:07:23 [info]: MongoDB connected successfully
2026-03-07 17:07:23 [info]: MongoDB connected successfully
2026-03-07 17:07:23 [info]: Server running on port 5000
2026-03-07 17:07:25 [debug]: Socket connected: eupFOwCJp82FNmxJAAAB
2026-03-07 17:07:25 [debug]: User 69ac0c9f68a2168426ff935b registered with socket eupFOwCJp82FNmxJAAAB
2026-03-07 17:09:10 [info]: MongoDB connected successfully
2026-03-07 17:09:10 [info]: MongoDB connected successfully
2026-03-07 17:09:10 [info]: Server running on port 5000
2026-03-07 17:09:12 [debug]: Socket connected: UW8fB-PuG86yclu3AAAB
2026-03-07 17:12:50 [debug]: Socket disconnected: UW8fB-PuG86yclu3AAAB
2026-03-07 17:13:47 [debug]: Socket connected: rKW0iqkyAHUeIzcQAAAD
2026-03-07 17:13:47 [debug]: User 69ac0c9f68a2168426ff935b registered with socket rKW0iqkyAHUeIzcQAAAD
2026-03-07 17:16:27 [debug]: User 69ac100fd8cd6e2fc5faef1f registered with socket rKW0iqkyAHUeIzcQAAAD
2026-03-07 17:20:39 [debug]: User 69ac0c9f68a2168426ff935b registered with socket rKW0iqkyAHUeIzcQAAAD
2026-03-07 17:38:09 [debug]: Socket disconnected: rKW0iqkyAHUeIzcQAAAD
2026-03-07 17:38:10 [debug]: Socket connected: 6A7igRSL4wKAtuCnAAAG
2026-03-07 17:38:10 [debug]: User 69ac0c9f68a2168426ff935b registered with socket 6A7igRSL4wKAtuCnAAAG
2026-03-07 17:38:11 [debug]: Socket disconnected: 6A7igRSL4wKAtuCnAAAG
2026-03-07 18:23:37 [debug]: Socket connected: lgH7b8fY4GTxmpzbAAAI
2026-03-07 18:23:37 [debug]: User 69ac0c9f68a2168426ff935b registered with socket lgH7b8fY4GTxmpzbAAAI
2026-03-07 18:25:11 [debug]: Socket connected: vi_nNZnYiJIsptA_AAAL
2026-03-07 18:25:11 [debug]: User 69ac0c9f68a2168426ff935b registered with socket vi_nNZnYiJIsptA_AAAL
2026-03-07 18:25:17 [debug]: Socket disconnected: vi_nNZnYiJIsptA_AAAL
2026-03-07 18:25:32 [debug]: Socket connected: kzKAtife9MqqkaRGAAAN
2026-03-07 18:25:32 [debug]: User 69ac100fd8cd6e2fc5faef1f registered with socket kzKAtife9MqqkaRGAAAN
2026-03-07 18:27:34 [debug]: Socket disconnected: kzKAtife9MqqkaRGAAAN
2026-03-07 18:27:35 [debug]: Socket connected: 6lp26e80nD-RnhIEAAAQ
2026-03-07 18:27:35 [debug]: User 69ac100fd8cd6e2fc5faef1f registered with socket 6lp26e80nD-RnhIEAAAQ
2026-03-07 18:27:44 [debug]: Socket disconnected: lgH7b8fY4GTxmpzbAAAI
2026-03-07 18:27:45 [debug]: Socket connected: nzL16PYvCBqgY-OEAAAT
2026-03-07 18:27:45 [debug]: User 69ac0c9f68a2168426ff935b registered with socket nzL16PYvCBqgY-OEAAAT
2026-03-07 18:27:53 [debug]: Socket disconnected: 6lp26e80nD-RnhIEAAAQ
2026-03-07 18:27:54 [debug]: Socket connected: NHmc7Ctj2X33S9aNAAAW
2026-03-07 18:27:54 [debug]: User 69ac100fd8cd6e2fc5faef1f registered with socket NHmc7Ctj2X33S9aNAAAW
2026-03-07 18:28:56 [debug]: Socket disconnected: nzL16PYvCBqgY-OEAAAT
2026-03-07 18:28:56 [debug]: Socket connected: s7LHCg9AjN6pkkDWAAAZ
2026-03-07 18:28:56 [debug]: User 69ac0c9f68a2168426ff935b registered with socket s7LHCg9AjN6pkkDWAAAZ
2026-03-07 18:29:06 [debug]: Socket disconnected: s7LHCg9AjN6pkkDWAAAZ
2026-03-07 18:29:07 [debug]: Socket connected: 9q5UHJ0c-Bg87Hd0AAAc
2026-03-07 18:29:07 [debug]: User 69ac0c9f68a2168426ff935b registered with socket 9q5UHJ0c-Bg87Hd0AAAc
2026-03-07 18:32:23 [debug]: Socket disconnected: 9q5UHJ0c-Bg87Hd0AAAc
2026-03-07 18:32:24 [debug]: Socket connected: i6dONIzWExK_njjvAAAf
2026-03-07 18:32:24 [debug]: User 69ac0c9f68a2168426ff935b registered with socket i6dONIzWExK_njjvAAAf
2026-03-07 18:32:29 [debug]: Socket disconnected: i6dONIzWExK_njjvAAAf
2026-03-07 18:32:30 [debug]: Socket connected: _CMV1J4q0nYoTP-5AAAi
2026-03-07 18:32:30 [debug]: User 69ac0c9f68a2168426ff935b registered with socket _CMV1J4q0nYoTP-5AAAi
2026-03-07 18:41:23 [debug]: Socket disconnected: _CMV1J4q0nYoTP-5AAAi
2026-03-07 18:41:24 [debug]: Socket connected: 9mSt2FFLCOM42cKyAAAl
2026-03-07 18:41:24 [debug]: User 69ac0c9f68a2168426ff935b registered with socket 9mSt2FFLCOM42cKyAAAl
2026-03-07 18:41:24 [debug]: Socket disconnected: 9mSt2FFLCOM42cKyAAAl
2026-03-07 18:41:40 [debug]: Socket connected: XNVYpqtqbVyhKQ2IAAAn
2026-03-07 18:41:40 [debug]: User 69ac0c9f68a2168426ff935b registered with socket XNVYpqtqbVyhKQ2IAAAn
2026-03-07 18:41:52 [debug]: Socket disconnected: NHmc7Ctj2X33S9aNAAAW
2026-03-07 18:42:09 [debug]: Socket connected: vrxdmS9CRZqXrh35AAAr
2026-03-07 18:42:09 [debug]: User 69ac100fd8cd6e2fc5faef1f registered with socket vrxdmS9CRZqXrh35AAAr
2026-03-07 18:42:17 [debug]: Socket disconnected: vrxdmS9CRZqXrh35AAAr
2026-03-07 18:42:17 [debug]: Socket connected: GyeLCoJpv9jO4gGEAAAu
2026-03-07 18:42:17 [debug]: User 69ac100fd8cd6e2fc5faef1f registered with socket GyeLCoJpv9jO4gGEAAAu
2026-03-07 18:42:40 [debug]: Socket disconnected: GyeLCoJpv9jO4gGEAAAu
2026-03-07 18:42:40 [debug]: Socket connected: 3he1OAuGbPNZKuo6AAAx
2026-03-07 18:42:40 [debug]: User 69ac100fd8cd6e2fc5faef1f registered with socket 3he1OAuGbPNZKuo6AAAx
2026-03-07 18:42:43 [debug]: Socket disconnected: 3he1OAuGbPNZKuo6AAAx
2026-03-07 18:42:44 [debug]: Socket connected: -VkVKIj3En0ZcSFhAAA3
2026-03-07 18:42:44 [debug]: User 69ac100fd8cd6e2fc5faef1f registered with socket -VkVKIj3En0ZcSFhAAA3
